Avaga.UJR23030.1_hypothetical_protein_I4U23_026056	492	204	288	5.22e-26	pfam00153, Mito_carr, Mitochondrial carrier protein.  
Avaga.UJR23030.1_hypothetical_protein_I4U23_026056	492	301	389	2.66e-24	pfam00153, Mito_carr, Mitochondrial carrier protein.  
Avaga.UJR23030.1_hypothetical_protein_I4U23_026056	492	393	489	2.62e-20	pfam00153, Mito_carr, Mitochondrial carrier protein.  
Avaga.UJR25868.1_hypothetical_protein_I4U23_007218	496	301	388	2.69e-25	pfam00153, Mito_carr, Mitochondrial carrier protein.  
Avaga.UJR25868.1_hypothetical_protein_I4U23_007218	496	204	287	5.12e-22	pfam00153, Mito_carr, Mitochondrial carrier protein.  
Avaga.UJR25868.1_hypothetical_protein_I4U23_007218	496	394	495	1.03e-17	pfam00153, Mito_carr, Mitochondrial carrier protein.  
Avaga.UJR13457.1_hypothetical_protein_I4U23_000471	294	109	196	3.78e-25	pfam00153, Mito_carr, Mitochondrial carrier protein.  
Avaga.UJR13457.1_hypothetical_protein_I4U23_000471	294	13	103	1.16e-23	pfam00153, Mito_carr, Mitochondrial carrier protein.  
Avaga.UJR13457.1_hypothetical_protein_I4U23_000471	294	205	290	3.13e-15	pfam00153, Mito_carr, Mitochondrial carrier protein.  
Avaga.UJR31415.1_hypothetical_protein_I4U23_018908	1501	22	695	0.0	pfam00063, Myosin_head, Myosin head (motor domain).  
Avaga.UJR31415.1_hypothetical_protein_I4U23_018908	1501	1315	1406	5.57e-24	pfam00153, Mito_carr, Mitochondrial carrier protein.  
Avaga.UJR31415.1_hypothetical_protein_I4U23_018908	1501	1424	1497	6.79e-11	pfam00153, Mito_carr, Mitochondrial carrier protein.  
Avaga.UJR31415.1_hypothetical_protein_I4U23_018908	1501	867	942	1.36e-20	pfam00017, SH2, SH2 domain.  
Avaga.UJR35750.1_hypothetical_protein_I4U23_028499	305	107	194	3.72e-25	pfam00153, Mito_carr, Mitochondrial carrier protein.  
Avaga.UJR35750.1_hypothetical_protein_I4U23_028499	305	208	298	1.53e-21	pfam00153, Mito_carr, Mitochondrial carrier protein.  
Avaga.UJR35750.1_hypothetical_protein_I4U23_028499	305	16	106	2.00e-18	pfam00153, Mito_carr, Mitochondrial carrier protein.  
Dmelanogaster.DPCoAC_dephosphocoenzyme_A_carrier_i	365	169	251	6.40e-25	pfam00153, Mito_carr, Mitochondrial carrier protein.  
Dmelanogaster.DPCoAC_dephosphocoenzyme_A_carrier_i	365	72	159	1.08e-20	pfam00153, Mito_carr, Mitochondrial carrier protein.  
Dmelanogaster.DPCoAC_dephosphocoenzyme_A_carrier_i	365	279	356	3.97e-20	pfam00153, Mito_carr, Mitochondrial carrier protein.  
Dmelanogaster.SCaMC_short_Calciumbinding_mitochond	583	375	463	9.60e-30	pfam00153, Mito_carr, Mitochondrial carrier protein.  
Dmelanogaster.SCaMC_short_Calciumbinding_mitochond	583	285	370	6.01e-26	pfam00153, Mito_carr, Mitochondrial carrier protein.  
Dmelanogaster.SCaMC_short_Calciumbinding_mitochond	583	470	581	5.17e-22	pfam00153, Mito_carr, Mitochondrial carrier protein.  
Dmelanogaster.SCaMC_short_Calciumbinding_mitochond	583	114	176	4.30e-11	pfam13499, EF-hand_7, EF-hand domain pair.  
Cintestinalis.LOC100186688_uncharacterized_protein	973	778	868	1.21e-28	pfam00153, Mito_carr, Mitochondrial carrier protein.  
Cintestinalis.LOC100186688_uncharacterized_protein	973	687	773	7.43e-26	pfam00153, Mito_carr, Mitochondrial carrier protein.  
Cintestinalis.LOC100186688_uncharacterized_protein	973	875	970	3.21e-22	pfam00153, Mito_carr, Mitochondrial carrier protein.  
Cintestinalis.LOC100180500_graves_disease_carrier_	316	13	102	1.25e-25	pfam00153, Mito_carr, Mitochondrial carrier protein.  
Cintestinalis.LOC100180500_graves_disease_carrier_	316	218	310	6.33e-25	pfam00153, Mito_carr, Mitochondrial carrier protein.  
Cintestinalis.LOC100180500_graves_disease_carrier_	316	111	201	3.00e-21	pfam00153, Mito_carr, Mitochondrial carrier protein.  
Egranulosus.XP_024349898.1_Calciumbinding_mitochon	469	276	366	5.07e-27	pfam00153, Mito_carr, Mitochondrial carrier protein.  
Egranulosus.XP_024349898.1_Calciumbinding_mitochon	469	183	271	2.29e-26	pfam00153, Mito_carr, Mitochondrial carrier protein.  
Egranulosus.XP_024349898.1_Calciumbinding_mitochon	469	383	468	1.84e-20	pfam00153, Mito_carr, Mitochondrial carrier protein.  
Egranulosus.XP_024349898.1_Calciumbinding_mitochon	469	77	135	6.54e-11	pfam13499, EF-hand_7, EF-hand domain pair.  
Egranulosus.XP_024348887.1_Calciumbinding_mitochon	1387	295	387	3.44e-26	pfam00153, Mito_carr, Mitochondrial carrier protein.  
Egranulosus.XP_024348887.1_Calciumbinding_mitochon	1387	193	288	6.29e-20	pfam00153, Mito_carr, Mitochondrial carrier protein.  
Egranulosus.XP_024348887.1_Calciumbinding_mitochon	1387	409	510	1.67e-14	pfam00153, Mito_carr, Mitochondrial carrier protein.  
Egranulosus.XP_024348887.1_Calciumbinding_mitochon	1387	518	700	1.42e-21	pfam10240, DUF2464, Multivesicular body subunit 12.  MVB12A (also known as CFBP) and MVB12B are subunits of the ESCRT-I complex, which mediates the sorting of ubiquitinated cargo protein from the plasma membrane to the endosomal vesicle. MVB12A plays a key role in the ligand-mediated internalization and down-regulation of the EGF receptor.
Egranulosus.XP_024353850.1_Solute_carrier_family_2	333	125	212	8.84e-23	pfam00153, Mito_carr, Mitochondrial carrier protein.  
Egranulosus.XP_024353850.1_Solute_carrier_family_2	333	222	314	4.18e-20	pfam00153, Mito_carr, Mitochondrial carrier protein.  
Egranulosus.XP_024353850.1_Solute_carrier_family_2	333	22	109	1.31e-19	pfam00153, Mito_carr, Mitochondrial carrier protein.  
Egranulosus.XP_024353854.1_Calciumbinding_mitochon	333	135	227	2.38e-19	pfam00153, Mito_carr, Mitochondrial carrier protein.  
Egranulosus.XP_024353854.1_Calciumbinding_mitochon	333	47	131	6.17e-17	pfam00153, Mito_carr, Mitochondrial carrier protein.  
Lanatina.XP_013394192.1_calciumbinding_mitochondri	477	195	282	3.08e-30	pfam00153, Mito_carr, Mitochondrial carrier protein.  
Lanatina.XP_013394192.1_calciumbinding_mitochondri	477	286	371	1.68e-27	pfam00153, Mito_carr, Mitochondrial carrier protein.  
Lanatina.XP_013394192.1_calciumbinding_mitochondri	477	390	473	5.02e-23	pfam00153, Mito_carr, Mitochondrial carrier protein.  
Lanatina.XP_013394192.1_calciumbinding_mitochondri	477	22	87	6.03e-11	pfam13499, EF-hand_7, EF-hand domain pair.  
Lanatina.XP_013414919.1_graves_disease_carrier_pro	331	34	122	1.33e-26	pfam00153, Mito_carr, Mitochondrial carrier protein.  
Lanatina.XP_013414919.1_graves_disease_carrier_pro	331	232	323	1.01e-25	pfam00153, Mito_carr, Mitochondrial carrier protein.  
Lanatina.XP_013414919.1_graves_disease_carrier_pro	331	124	212	7.39e-25	pfam00153, Mito_carr, Mitochondrial carrier protein.  
Lanatina.XP_013386564.1_mitochondrial_coenzyme_A_t	356	157	248	4.32e-30	pfam00153, Mito_carr, Mitochondrial carrier protein.  
Lanatina.XP_013386564.1_mitochondrial_coenzyme_A_t	356	251	345	4.34e-23	pfam00153, Mito_carr, Mitochondrial carrier protein.  
Lanatina.XP_013386564.1_mitochondrial_coenzyme_A_t	356	76	146	1.14e-16	pfam00153, Mito_carr, Mitochondrial carrier protein.  
Bbelcheri.LOC109482499_calciumbinding_mitochondria	522	211	300	1.37e-30	pfam00153, Mito_carr, Mitochondrial carrier protein.  
Bbelcheri.LOC109482499_calciumbinding_mitochondria	522	301	393	5.64e-29	pfam00153, Mito_carr, Mitochondrial carrier protein.  
Bbelcheri.LOC109482499_calciumbinding_mitochondria	522	429	518	1.75e-21	pfam00153, Mito_carr, Mitochondrial carrier protein.  
Bbelcheri.LOC109482499_calciumbinding_mitochondria	522	15	81	2.68e-13	pfam13499, EF-hand_7, EF-hand domain pair.  
Bbelcheri.LOC109467967_solute_carrier_family_25_me	358	8	98	6.45e-25	pfam00153, Mito_carr, Mitochondrial carrier protein.  
Bbelcheri.LOC109467967_solute_carrier_family_25_me	358	197	298	8.26e-25	pfam00153, Mito_carr, Mitochondrial carrier protein.  
Bbelcheri.LOC109467967_solute_carrier_family_25_me	358	102	188	1.14e-24	pfam00153, Mito_carr, Mitochondrial carrier protein.  
Bbelcheri.LOC109481428_graves_disease_carrier_prot	402	145	239	1.11e-29	pfam00153, Mito_carr, Mitochondrial carrier protein.  
Bbelcheri.LOC109481428_graves_disease_carrier_prot	402	55	144	2.62e-26	pfam00153, Mito_carr, Mitochondrial carrier protein.  
Bbelcheri.LOC109481428_graves_disease_carrier_prot	402	254	346	4.15e-23	pfam00153, Mito_carr, Mitochondrial carrier protein.  
Bbelcheri.LOC109468737_mitochondrial_coenzyme_A_tr	325	130	218	2.48e-28	pfam00153, Mito_carr, Mitochondrial carrier protein.  
Bbelcheri.LOC109468737_mitochondrial_coenzyme_A_tr	325	225	318	1.92e-22	pfam00153, Mito_carr, Mitochondrial carrier protein.  
Bbelcheri.LOC109468737_mitochondrial_coenzyme_A_tr	325	52	123	3.29e-19	pfam00153, Mito_carr, Mitochondrial carrier protein.  
Aplanci.LOC110973531_graves_disease_carrier_protei	318	115	204	2.66e-24	pfam00153, Mito_carr, Mitochondrial carrier protein.  
Aplanci.LOC110973531_graves_disease_carrier_protei	318	37	111	4.12e-23	pfam00153, Mito_carr, Mitochondrial carrier protein.  
Aplanci.LOC110973531_graves_disease_carrier_protei	318	221	315	3.79e-21	pfam00153, Mito_carr, Mitochondrial carrier protein.  
Aplanci.LOC110984196_mitochondrial_coenzyme_A_tran	358	257	350	4.63e-25	pfam00153, Mito_carr, Mitochondrial carrier protein.  
Aplanci.LOC110984196_mitochondrial_coenzyme_A_tran	358	163	248	7.84e-25	pfam00153, Mito_carr, Mitochondrial carrier protein.  
Aplanci.LOC110984196_mitochondrial_coenzyme_A_tran	358	86	160	5.00e-18	pfam00153, Mito_carr, Mitochondrial carrier protein.  
Aplanci.LOC110976327_calciumbinding_mitochondrial_	496	310	400	2.06e-30	pfam00153, Mito_carr, Mitochondrial carrier protein.  
Aplanci.LOC110976327_calciumbinding_mitochondrial_	496	219	305	9.90e-27	pfam00153, Mito_carr, Mitochondrial carrier protein.  
Aplanci.LOC110976327_calciumbinding_mitochondrial_	496	405	493	5.45e-23	pfam00153, Mito_carr, Mitochondrial carrier protein.  
Aplanci.LOC110976327_calciumbinding_mitochondrial_	496	24	88	2.31e-12	pfam13499, EF-hand_7, EF-hand domain pair.  
Myessoensis.XP_021372793.1_calciumbinding_mitochon	466	278	369	1.79e-30	pfam00153, Mito_carr, Mitochondrial carrier protein.  
Myessoensis.XP_021372793.1_calciumbinding_mitochon	466	186	273	6.78e-29	pfam00153, Mito_carr, Mitochondrial carrier protein.  
Myessoensis.XP_021372793.1_calciumbinding_mitochon	466	373	465	5.04e-21	pfam00153, Mito_carr, Mitochondrial carrier protein.  
Myessoensis.XP_021372793.1_calciumbinding_mitochon	466	16	77	8.93e-12	pfam13499, EF-hand_7, EF-hand domain pair.  
Myessoensis.XP_021372793.1_calciumbinding_mitochon	466	80	138	4.06e-11	pfam13499, EF-hand_7, EF-hand domain pair.  
Myessoensis.XP_021355166.1_mitochondrial_coenzyme_	360	158	245	2.87e-25	pfam00153, Mito_carr, Mitochondrial carrier protein.  
Myessoensis.XP_021355166.1_mitochondrial_coenzyme_	360	253	350	3.12e-23	pfam00153, Mito_carr, Mitochondrial carrier protein.  
Myessoensis.XP_021355166.1_mitochondrial_coenzyme_	360	81	152	3.99e-17	pfam00153, Mito_carr, Mitochondrial carrier protein.  
Myessoensis.XP_021350602.1_graves_disease_carrier_	314	11	100	3.81e-24	pfam00153, Mito_carr, Mitochondrial carrier protein.  
Myessoensis.XP_021350602.1_graves_disease_carrier_	314	109	199	7.94e-21	pfam00153, Mito_carr, Mitochondrial carrier protein.  
Myessoensis.XP_021350602.1_graves_disease_carrier_	314	218	309	7.08e-20	pfam00153, Mito_carr, Mitochondrial carrier protein.  
Hsapiens.NP_001317917.1_calcium-binding_mitochondr	515	322	414	5.59e-29	pfam00153, Mito_carr, Mitochondrial carrier protein.  
Hsapiens.NP_001317917.1_calcium-binding_mitochondr	515	232	320	1.05e-28	pfam00153, Mito_carr, Mitochondrial carrier protein.  
Hsapiens.NP_001317917.1_calcium-binding_mitochondr	515	420	511	7.04e-23	pfam00153, Mito_carr, Mitochondrial carrier protein.  
Hsapiens.NP_001317917.1_calcium-binding_mitochondr	515	52	111	5.00e-12	pfam13499, EF-hand_7, EF-hand domain pair.  
Hsapiens.NP_077008.2_calcium-binding_mitochondrial	468	275	364	8.61e-30	pfam00153, Mito_carr, Mitochondrial carrier protein.  
Hsapiens.NP_077008.2_calcium-binding_mitochondrial	468	185	272	1.14e-26	pfam00153, Mito_carr, Mitochondrial carrier protein.  
Hsapiens.NP_077008.2_calcium-binding_mitochondrial	468	373	464	1.42e-23	pfam00153, Mito_carr, Mitochondrial carrier protein.  
Hsapiens.NP_037518.3_calcium-binding_mitochondrial	477	194	283	1.91e-30	pfam00153, Mito_carr, Mitochondrial carrier protein.  
Hsapiens.NP_037518.3_calcium-binding_mitochondrial	477	284	376	1.26e-29	pfam00153, Mito_carr, Mitochondrial carrier protein.  
Hsapiens.NP_037518.3_calcium-binding_mitochondrial	477	383	473	1.54e-23	pfam00153, Mito_carr, Mitochondrial carrier protein.  
Hsapiens.NP_037518.3_calcium-binding_mitochondrial	477	22	85	2.35e-12	pfam13499, EF-hand_7, EF-hand domain pair.  
Hsapiens.NP_037518.3_calcium-binding_mitochondrial	477	88	152	9.74e-11	pfam13499, EF-hand_7, EF-hand domain pair.  
Hsapiens.NP_848621.2_mitochondrial_coenzyme_A_tran	318	29	122	1.83e-25	pfam00153, Mito_carr, Mitochondrial carrier protein.  
Hsapiens.NP_848621.2_mitochondrial_coenzyme_A_tran	318	223	315	4.29e-23	pfam00153, Mito_carr, Mitochondrial carrier protein.  
Hsapiens.NP_848621.2_mitochondrial_coenzyme_A_tran	318	147	214	7.05e-21	pfam00153, Mito_carr, Mitochondrial carrier protein.  
Hsapiens.NP_775908.2_mitochondrial_carrier_protein	370	182	274	5.98e-24	pfam00153, Mito_carr, Mitochondrial carrier protein.  
Hsapiens.NP_775908.2_mitochondrial_carrier_protein	370	92	177	1.28e-23	pfam00153, Mito_carr, Mitochondrial carrier protein.  
Hsapiens.NP_775908.2_mitochondrial_carrier_protein	370	278	369	1.41e-19	pfam00153, Mito_carr, Mitochondrial carrier protein.  
Hsapiens.NP_689920.1_graves_disease_carrier_protei	332	33	125	2.79e-28	pfam00153, Mito_carr, Mitochondrial carrier protein.  
Hsapiens.NP_689920.1_graves_disease_carrier_protei	332	131	214	3.47e-25	pfam00153, Mito_carr, Mitochondrial carrier protein.  
Hsapiens.NP_689920.1_graves_disease_carrier_protei	332	238	330	4.60e-22	pfam00153, Mito_carr, Mitochondrial carrier protein.  
